/*C5*/SET SCHEMA PUBLIC
DISCONNECT
/*C6*/SET SCHEMA PUBLIC
INSERT INTO SENHA VALUES(98,'P0001','26/11/2015','20:20:19','B','ATENDIMENTO')
COMMIT
DISCONNECT
/*C7*/SET SCHEMA PUBLIC
DISCONNECT
/*C8*/SET SCHEMA PUBLIC
INSERT INTO SENHA VALUES(99,'N0001','26/11/2015','20:20:20','B','ATENDIMENTO')
COMMIT
DISCONNECT
/*C9*/SET SCHEMA PUBLIC
DISCONNECT
/*C10*/SET SCHEMA PUBLIC
INSERT INTO SENHA VALUES(100,'N0002','26/11/2015','20:20:22','B','ATENDIMENTO')
COMMIT
DISCONNECT
/*C11*/SET SCHEMA PUBLIC
DISCONNECT
/*C12*/SET SCHEMA PUBLIC
INSERT INTO SENHA VALUES(101,'N0003','26/11/2015','20:20:24','B','ATENDIMENTO')
COMMIT
DISCONNECT
/*C13*/SET SCHEMA PUBLIC
DISCONNECT
/*C14*/SET SCHEMA PUBLIC
INSERT INTO SENHA VALUES(102,'P0002','26/11/2015','20:20:25','B','ATENDIMENTO')
COMMIT
DISCONNECT
/*C15*/SET SCHEMA PUBLIC
DISCONNECT
/*C16*/SET SCHEMA PUBLIC
INSERT INTO SENHA VALUES(103,'P0003','26/11/2015','20:20:27','B','ATENDIMENTO')
COMMIT
DISCONNECT
/*C17*/SET SCHEMA PUBLIC
DISCONNECT
/*C18*/SET SCHEMA PUBLIC
INSERT INTO SENHA VALUES(104,'N0004','26/11/2015','20:20:29','B','ATENDIMENTO')
COMMIT
DISCONNECT
/*C21*/SET SCHEMA PUBLIC
DELETE FROM SENHA WHERE IDSENHA=98
INSERT INTO SENHA VALUES(98,'P0001','26/11/2015','20:20:19','C','ATENDIMENTO')
COMMIT
DISCONNECT
/*C23*/SET SCHEMA PUBLIC
DELETE FROM SENHA WHERE IDSENHA=102
INSERT INTO SENHA VALUES(102,'P0002','26/11/2015','20:20:25','B','FINALIZADO')
COMMIT
DISCONNECT
/*C26*/SET SCHEMA PUBLIC
DELETE FROM SENHA WHERE IDSENHA=103
INSERT INTO SENHA VALUES(103,'P0003','26/11/2015','20:20:27','B','FINALIZADO')
COMMIT
DISCONNECT
/*C28*/SET SCHEMA PUBLIC
DELETE FROM SENHA WHERE IDSENHA=99
INSERT INTO SENHA VALUES(99,'N0001','26/11/2015','20:20:20','B','FINALIZADO')
COMMIT
DISCONNECT
/*C30*/SET SCHEMA PUBLIC
DELETE FROM SENHA WHERE IDSENHA=100
INSERT INTO SENHA VALUES(100,'N0002','26/11/2015','20:20:22','B','FINALIZADO')
COMMIT
DISCONNECT
/*C32*/SET SCHEMA PUBLIC
DELETE FROM SENHA WHERE IDSENHA=101
INSERT INTO SENHA VALUES(101,'N0003','26/11/2015','20:20:24','B','FINALIZADO')
COMMIT
DISCONNECT
/*C4*/SET SCHEMA PUBLIC
DISCONNECT
/*C27*/SET SCHEMA PUBLIC
DISCONNECT
/*C25*/SET SCHEMA PUBLIC
DISCONNECT
/*C24*/SET SCHEMA PUBLIC
DISCONNECT
/*C31*/SET SCHEMA PUBLIC
DISCONNECT
/*C19*/SET SCHEMA PUBLIC
DISCONNECT
/*C20*/SET SCHEMA PUBLIC
DISCONNECT
/*C29*/SET SCHEMA PUBLIC
DISCONNECT
/*C22*/SET SCHEMA PUBLIC
DISCONNECT
/*C34*/SET SCHEMA PUBLIC
DELETE FROM SENHA WHERE IDSENHA=104
INSERT INTO SENHA VALUES(104,'N0004','26/11/2015','20:20:29','B','FINALIZADO')
COMMIT
DISCONNECT
/*C35*/SET SCHEMA PUBLIC
DISCONNECT
/*C36*/SET SCHEMA PUBLIC
DISCONNECT
/*C33*/SET SCHEMA PUBLIC
DISCONNECT
/*C38*/SET SCHEMA PUBLIC
DISCONNECT
/*C39*/SET SCHEMA PUBLIC
DISCONNECT
/*C41*/SET SCHEMA PUBLIC
DISCONNECT
/*C42*/SET SCHEMA PUBLIC
DISCONNECT
/*C43*/SET SCHEMA PUBLIC
DISCONNECT
/*C44*/SET SCHEMA PUBLIC
DISCONNECT
/*C45*/SET SCHEMA PUBLIC
DISCONNECT
/*C46*/SET SCHEMA PUBLIC
DISCONNECT
/*C49*/SET SCHEMA PUBLIC
DISCONNECT
/*C51*/SET SCHEMA PUBLIC
DISCONNECT
/*C40*/SET SCHEMA PUBLIC
DISCONNECT
/*C37*/SET SCHEMA PUBLIC
DISCONNECT
/*C48*/SET SCHEMA PUBLIC
DISCONNECT
/*C50*/SET SCHEMA PUBLIC
DISCONNECT
/*C54*/SET SCHEMA PUBLIC
DISCONNECT
/*C52*/SET SCHEMA PUBLIC
DISCONNECT
/*C53*/SET SCHEMA PUBLIC
DISCONNECT
/*C57*/SET SCHEMA PUBLIC
DISCONNECT
/*C58*/SET SCHEMA PUBLIC
DISCONNECT
/*C59*/SET SCHEMA PUBLIC
DISCONNECT
/*C60*/SET SCHEMA PUBLIC
DISCONNECT
/*C61*/SET SCHEMA PUBLIC
DISCONNECT
/*C62*/SET SCHEMA PUBLIC
DISCONNECT
/*C47*/SET SCHEMA PUBLIC
DISCONNECT
/*C55*/SET SCHEMA PUBLIC
DISCONNECT
/*C56*/SET SCHEMA PUBLIC
DISCONNECT
/*C63*/SET SCHEMA PUBLIC
DISCONNECT
/*C64*/SET SCHEMA PUBLIC
DISCONNECT
/*C67*/SET SCHEMA PUBLIC
DELETE FROM SENHA WHERE IDSENHA=98
INSERT INTO SENHA VALUES(98,'P0001','26/11/2015','20:20:19','D','ATENDIMENTO')
COMMIT
DISCONNECT
/*C68*/SET SCHEMA PUBLIC
DISCONNECT
/*C69*/SET SCHEMA PUBLIC
DISCONNECT
/*C71*/SET SCHEMA PUBLIC
DELETE FROM SENHA WHERE IDSENHA=98
INSERT INTO SENHA VALUES(98,'P0001','26/11/2015','20:20:19','D','FINALIZADO')
COMMIT
DISCONNECT
/*C72*/SET SCHEMA PUBLIC
DELETE FROM SENHA WHERE IDSENHA=82
DELETE FROM SENHA WHERE IDSENHA=83
DELETE FROM SENHA WHERE IDSENHA=84
DELETE FROM SENHA WHERE IDSENHA=85
DELETE FROM SENHA WHERE IDSENHA=86
DELETE FROM SENHA WHERE IDSENHA=87
DELETE FROM SENHA WHERE IDSENHA=89
DELETE FROM SENHA WHERE IDSENHA=90
DELETE FROM SENHA WHERE IDSENHA=91
DELETE FROM SENHA WHERE IDSENHA=92
DELETE FROM SENHA WHERE IDSENHA=93
DELETE FROM SENHA WHERE IDSENHA=94
DELETE FROM SENHA WHERE IDSENHA=95
DELETE FROM SENHA WHERE IDSENHA=96
DELETE FROM SENHA WHERE IDSENHA=97
DELETE FROM SENHA WHERE IDSENHA=98
DELETE FROM SENHA WHERE IDSENHA=99
DELETE FROM SENHA WHERE IDSENHA=100
DELETE FROM SENHA WHERE IDSENHA=101
DELETE FROM SENHA WHERE IDSENHA=102
DELETE FROM SENHA WHERE IDSENHA=103
DELETE FROM SENHA WHERE IDSENHA=104
COMMIT
/*C73*/SET SCHEMA PUBLIC
DISCONNECT
/*C74*/SET SCHEMA PUBLIC
INSERT INTO SENHA VALUES(105,'P0001','26/11/2015','21:23:51','B','ATENDIMENTO')
COMMIT
DISCONNECT
/*C75*/SET SCHEMA PUBLIC
DISCONNECT
/*C76*/SET SCHEMA PUBLIC
INSERT INTO SENHA VALUES(106,'P0002','26/11/2015','21:23:53','B','ATENDIMENTO')
COMMIT
DISCONNECT
/*C77*/SET SCHEMA PUBLIC
DISCONNECT
/*C78*/SET SCHEMA PUBLIC
INSERT INTO SENHA VALUES(107,'N0001','26/11/2015','21:23:54','B','ATENDIMENTO')
COMMIT
DISCONNECT
/*C79*/SET SCHEMA PUBLIC
DISCONNECT
/*C80*/SET SCHEMA PUBLIC
INSERT INTO SENHA VALUES(108,'P0003','26/11/2015','21:23:56','B','ATENDIMENTO')
COMMIT
DISCONNECT
/*C81*/SET SCHEMA PUBLIC
DISCONNECT
/*C82*/SET SCHEMA PUBLIC
INSERT INTO SENHA VALUES(109,'N0002','26/11/2015','21:23:57','B','ATENDIMENTO')
COMMIT
DISCONNECT
/*C83*/SET SCHEMA PUBLIC
DISCONNECT
/*C84*/SET SCHEMA PUBLIC
INSERT INTO SENHA VALUES(110,'N0003','26/11/2015','21:23:59','B','ATENDIMENTO')
COMMIT
DISCONNECT
/*C85*/SET SCHEMA PUBLIC
DISCONNECT
/*C86*/SET SCHEMA PUBLIC
INSERT INTO SENHA VALUES(111,'N0004','26/11/2015','21:24:00','B','ATENDIMENTO')
COMMIT
DISCONNECT
/*C87*/SET SCHEMA PUBLIC
DISCONNECT
/*C88*/SET SCHEMA PUBLIC
INSERT INTO SENHA VALUES(112,'N0005','26/11/2015','21:24:01','B','ATENDIMENTO')
COMMIT
DISCONNECT
/*C90*/SET SCHEMA PUBLIC
DISCONNECT
/*C91*/SET SCHEMA PUBLIC
DISCONNECT
/*C92*/SET SCHEMA PUBLIC
DISCONNECT
/*C93*/SET SCHEMA PUBLIC
DISCONNECT
/*C94*/SET SCHEMA PUBLIC
DISCONNECT
/*C95*/SET SCHEMA PUBLIC
DISCONNECT
/*C97*/SET SCHEMA PUBLIC
DELETE FROM SENHA WHERE IDSENHA=105
INSERT INTO SENHA VALUES(105,'P0001','26/11/2015','21:23:51','C','ATENDIMENTO')
COMMIT
DISCONNECT
/*C103*/SET SCHEMA PUBLIC
DELETE FROM SENHA WHERE IDSENHA=105
INSERT INTO SENHA VALUES(105,'P0001','26/11/2015','21:23:51','C','FINALIZADO')
COMMIT
DISCONNECT
/*C106*/SET SCHEMA PUBLIC
DISCONNECT
/*C107*/SET SCHEMA PUBLIC
DISCONNECT
/*C108*/SET SCHEMA PUBLIC
DELETE FROM SENHA WHERE IDSENHA=106
INSERT INTO SENHA VALUES(106,'P0002','26/11/2015','21:23:53','C','ATENDIMENTO')
COMMIT
DISCONNECT
/*C111*/SET SCHEMA PUBLIC
DISCONNECT
/*C112*/SET SCHEMA PUBLIC
DISCONNECT
/*C113*/SET SCHEMA PUBLIC
DISCONNECT
/*C114*/SET SCHEMA PUBLIC
DELETE FROM SENHA WHERE IDSENHA=106
INSERT INTO SENHA VALUES(106,'P0002','26/11/2015','21:23:53','D','ATENDIMENTO')
COMMIT
DISCONNECT
/*C117*/SET SCHEMA PUBLIC
DISCONNECT
/*C118*/SET SCHEMA PUBLIC
DISCONNECT
/*C119*/SET SCHEMA PUBLIC
DISCONNECT
/*C120*/SET SCHEMA PUBLIC
DELETE FROM SENHA WHERE IDSENHA=108
INSERT INTO SENHA VALUES(108,'P0003','26/11/2015','21:23:56','C','ATENDIMENTO')
COMMIT
DISCONNECT
/*C124*/SET SCHEMA PUBLIC
DELETE FROM SENHA WHERE IDSENHA=106
INSERT INTO SENHA VALUES(106,'P0002','26/11/2015','21:23:53','D','FINALIZADO')
COMMIT
DISCONNECT
/*C125*/SET SCHEMA PUBLIC
DISCONNECT
/*C126*/SET SCHEMA PUBLIC
DISCONNECT
/*C127*/SET SCHEMA PUBLIC
DISCONNECT
/*C128*/SET SCHEMA PUBLIC
DELETE FROM SENHA WHERE IDSENHA=108
INSERT INTO SENHA VALUES(108,'P0003','26/11/2015','21:23:56','C','FINALIZADO')
COMMIT
DISCONNECT
/*C129*/SET SCHEMA PUBLIC
DISCONNECT
/*C130*/SET SCHEMA PUBLIC
DELETE FROM SENHA WHERE IDSENHA=107
INSERT INTO SENHA VALUES(107,'N0001','26/11/2015','21:23:54','B','FINALIZADO')
COMMIT
DISCONNECT
/*C132*/SET SCHEMA PUBLIC
DELETE FROM SENHA WHERE IDSENHA=109
INSERT INTO SENHA VALUES(109,'N0002','26/11/2015','21:23:57','B','FINALIZADO')
COMMIT
DISCONNECT
/*C134*/SET SCHEMA PUBLIC
DELETE FROM SENHA WHERE IDSENHA=110
INSERT INTO SENHA VALUES(110,'N0003','26/11/2015','21:23:59','B','FINALIZADO')
COMMIT
DISCONNECT
/*C136*/SET SCHEMA PUBLIC
DELETE FROM SENHA WHERE IDSENHA=111
INSERT INTO SENHA VALUES(111,'N0004','26/11/2015','21:24:00','B','FINALIZADO')
COMMIT
DISCONNECT
/*C138*/SET SCHEMA PUBLIC
DELETE FROM SENHA WHERE IDSENHA=112
INSERT INTO SENHA VALUES(112,'N0005','26/11/2015','21:24:01','B','FINALIZADO')
COMMIT
DISCONNECT
/*C139*/SET SCHEMA PUBLIC
DISCONNECT
/*C140*/SET SCHEMA PUBLIC
DISCONNECT
/*C141*/SET SCHEMA PUBLIC
DISCONNECT
/*C142*/SET SCHEMA PUBLIC
DISCONNECT
/*C72*/DISCONNECT
/*C143*/SET SCHEMA PUBLIC
DISCONNECT
/*C102*/SET SCHEMA PUBLIC
DISCONNECT
/*C109*/SET SCHEMA PUBLIC
DISCONNECT
/*C101*/SET SCHEMA PUBLIC
DISCONNECT
/*C99*/SET SCHEMA PUBLIC
DISCONNECT
/*C121*/SET SCHEMA PUBLIC
DISCONNECT
/*C70*/SET SCHEMA PUBLIC
DISCONNECT
/*C116*/SET SCHEMA PUBLIC
DISCONNECT
/*C105*/SET SCHEMA PUBLIC
DISCONNECT
/*C104*/SET SCHEMA PUBLIC
DISCONNECT
/*C100*/SET SCHEMA PUBLIC
DISCONNECT
/*C98*/SET SCHEMA PUBLIC
DISCONNECT
/*C96*/SET SCHEMA PUBLIC
DISCONNECT
/*C65*/SET SCHEMA PUBLIC
DISCONNECT
/*C137*/SET SCHEMA PUBLIC
DISCONNECT
/*C135*/SET SCHEMA PUBLIC
DISCONNECT
/*C133*/SET SCHEMA PUBLIC
DISCONNECT
/*C131*/SET SCHEMA PUBLIC
DISCONNECT
/*C122*/SET SCHEMA PUBLIC
DISCONNECT
/*C89*/SET SCHEMA PUBLIC
DISCONNECT
/*C66*/SET SCHEMA PUBLIC
DISCONNECT
/*C115*/SET SCHEMA PUBLIC
DISCONNECT
/*C110*/SET SCHEMA PUBLIC
DISCONNECT
/*C123*/SET SCHEMA PUBLIC
DISCONNECT
/*C144*/SET SCHEMA PUBLIC
DISCONNECT
/*C145*/SET SCHEMA PUBLIC
DISCONNECT
/*C146*/SET SCHEMA PUBLIC
DISCONNECT
/*C147*/SET SCHEMA PUBLIC
DISCONNECT
/*C148*/SET SCHEMA PUBLIC
DISCONNECT
/*C149*/SET SCHEMA PUBLIC
DISCONNECT
/*C150*/SET SCHEMA PUBLIC
DISCONNECT
/*C151*/SET SCHEMA PUBLIC
DISCONNECT
/*C152*/SET SCHEMA PUBLIC
DISCONNECT
/*C153*/SET SCHEMA PUBLIC
DISCONNECT
/*C154*/SET SCHEMA PUBLIC
DISCONNECT
/*C157*/SET SCHEMA PUBLIC
DISCONNECT
/*C158*/SET SCHEMA PUBLIC
INSERT INTO SENHA VALUES(113,'P0004','26/11/2015','23:44:53','B','ATENDIMENTO')
COMMIT
DISCONNECT
/*C159*/SET SCHEMA PUBLIC
DISCONNECT
/*C160*/SET SCHEMA PUBLIC
INSERT INTO SENHA VALUES(114,'N0006','26/11/2015','23:44:55','B','ATENDIMENTO')
COMMIT
DISCONNECT
/*C161*/SET SCHEMA PUBLIC
DISCONNECT
/*C162*/SET SCHEMA PUBLIC
INSERT INTO SENHA VALUES(115,'P0005','26/11/2015','23:44:57','B','ATENDIMENTO')
COMMIT
DISCONNECT
/*C156*/SET SCHEMA PUBLIC
DISCONNECT
/*C155*/SET SCHEMA PUBLIC
DISCONNECT
/*C163*/SET SCHEMA PUBLIC
DISCONNECT
/*C164*/SET SCHEMA PUBLIC
DISCONNECT
/*C165*/SET SCHEMA PUBLIC
DISCONNECT
/*C167*/SET SCHEMA PUBLIC
DISCONNECT
/*C168*/SET SCHEMA PUBLIC
DISCONNECT
/*C169*/SET SCHEMA PUBLIC
DISCONNECT
/*C170*/SET SCHEMA PUBLIC
DISCONNECT
/*C171*/SET SCHEMA PUBLIC
DISCONNECT
/*C166*/SET SCHEMA PUBLIC
DISCONNECT
/*C173*/SET SCHEMA PUBLIC
DISCONNECT
/*C174*/SET SCHEMA PUBLIC
DISCONNECT
/*C172*/SET SCHEMA PUBLIC
DISCONNECT
/*C176*/SET SCHEMA PUBLIC
DISCONNECT
/*C177*/SET SCHEMA PUBLIC
DISCONNECT
/*C178*/SET SCHEMA PUBLIC
DISCONNECT
/*C179*/SET SCHEMA PUBLIC
DISCONNECT
/*C180*/SET SCHEMA PUBLIC
DISCONNECT
/*C181*/SET SCHEMA PUBLIC
DISCONNECT
/*C175*/SET SCHEMA PUBLIC
DISCONNECT
/*C183*/SET SCHEMA PUBLIC
DISCONNECT
/*C185*/SET SCHEMA PUBLIC
DELETE FROM SENHA WHERE IDSENHA=113
INSERT INTO SENHA VALUES(113,'P0004','26/11/2015','23:44:53','B','FINALIZADO')
COMMIT
DISCONNECT
/*C187*/SET SCHEMA PUBLIC
DELETE FROM SENHA WHERE IDSENHA=115
INSERT INTO SENHA VALUES(115,'P0005','26/11/2015','23:44:57','C','ATENDIMENTO')
COMMIT
DISCONNECT
/*C189*/SET SCHEMA PUBLIC
DELETE FROM SENHA WHERE IDSENHA=114
INSERT INTO SENHA VALUES(114,'N0006','26/11/2015','23:44:55','C','ATENDIMENTO')
COMMIT
DISCONNECT
/*C190*/SET SCHEMA PUBLIC
DISCONNECT
/*C191*/SET SCHEMA PUBLIC
DISCONNECT
/*C192*/SET SCHEMA PUBLIC
DISCONNECT
/*C193*/SET SCHEMA PUBLIC
DISCONNECT
/*C182*/SET SCHEMA PUBLIC
DISCONNECT
/*C184*/SET SCHEMA PUBLIC
DISCONNECT
/*C186*/SET SCHEMA PUBLIC
DISCONNECT
/*C188*/SET SCHEMA PUBLIC
DISCONNECT
/*C194*/SET SCHEMA PUBLIC
DISCONNECT
/*C195*/SET SCHEMA PUBLIC
DISCONNECT
/*C196*/SET SCHEMA PUBLIC
DISCONNECT
/*C197*/SET SCHEMA PUBLIC
DISCONNECT
/*C198*/SET SCHEMA PUBLIC
DISCONNECT
/*C199*/SET SCHEMA PUBLIC
DISCONNECT
/*C200*/SET SCHEMA PUBLIC
DISCONNECT
/*C201*/SET SCHEMA PUBLIC
DISCONNECT
/*C202*/SET SCHEMA PUBLIC
DISCONNECT
/*C203*/SET SCHEMA PUBLIC
DISCONNECT
/*C204*/SET SCHEMA PUBLIC
DISCONNECT
/*C205*/SET SCHEMA PUBLIC
DISCONNECT
/*C206*/SET SCHEMA PUBLIC
INSERT INTO SENHA VALUES(116,'P0001','27/11/2015','00:05:28','B','ATENDIMENTO')
COMMIT
DISCONNECT
/*C207*/SET SCHEMA PUBLIC
DISCONNECT
/*C208*/SET SCHEMA PUBLIC
INSERT INTO SENHA VALUES(117,'N0001','27/11/2015','00:05:30','B','ATENDIMENTO')
COMMIT
DISCONNECT
/*C209*/SET SCHEMA PUBLIC
DISCONNECT
/*C210*/SET SCHEMA PUBLIC
INSERT INTO SENHA VALUES(118,'P0002','27/11/2015','00:05:31','B','ATENDIMENTO')
COMMIT
DISCONNECT
/*C211*/SET SCHEMA PUBLIC
DISCONNECT
/*C212*/SET SCHEMA PUBLIC
INSERT INTO SENHA VALUES(119,'N0002','27/11/2015','00:05:33','B','ATENDIMENTO')
COMMIT
DISCONNECT
/*C213*/SET SCHEMA PUBLIC
DISCONNECT
/*C214*/SET SCHEMA PUBLIC
INSERT INTO SENHA VALUES(120,'P0003','27/11/2015','00:05:35','B','ATENDIMENTO')
COMMIT
DISCONNECT
/*C215*/SET SCHEMA PUBLIC
DISCONNECT
/*C216*/SET SCHEMA PUBLIC
INSERT INTO SENHA VALUES(121,'P0004','27/11/2015','00:05:36','B','ATENDIMENTO')
COMMIT
DISCONNECT
/*C217*/SET SCHEMA PUBLIC
DISCONNECT
/*C218*/SET SCHEMA PUBLIC
DISCONNECT
/*C219*/SET SCHEMA PUBLIC
DISCONNECT
/*C222*/SET SCHEMA PUBLIC
DELETE FROM SENHA WHERE IDSENHA=116
INSERT INTO SENHA VALUES(116,'P0001','27/11/2015','00:05:28','C','ATENDIMENTO')
COMMIT
DISCONNECT
/*C224*/SET SCHEMA PUBLIC
DELETE FROM SENHA WHERE IDSENHA=118
INSERT INTO SENHA VALUES(118,'P0002','27/11/2015','00:05:31','C','ATENDIMENTO')
COMMIT
DISCONNECT
/*C225*/SET SCHEMA PUBLIC
DISCONNECT
/*C220*/SET SCHEMA PUBLIC
DISCONNECT
/*C221*/SET SCHEMA PUBLIC
DISCONNECT
/*C223*/SET SCHEMA PUBLIC
DISCONNECT
